start of test
1, 2022-12-20 15:26:38, Connection manager thread started.
2, 2022-12-20 15:26:38, Test server started at port 5678.
3, 2022-12-20 15:26:38, A new csv file has been opened.
4, 2022-12-20 15:26:52, New connection from sensor 21.
5, 2022-12-20 15:26:52, New connection from sensor 15.
6, 2022-12-20 15:26:52, New connection from sensor 37.
7, 2022-12-20 15:26:52, Data insertion from sensor 15 succeeded.
8, 2022-12-20 15:26:52, Sensor node 15 reports it’s too hot (avg temp = 20.411307)
9, 2022-12-20 15:26:52, Data insertion from sensor 21 succeeded.
10, 2022-12-20 15:26:52, Sensor node 21 reports it’s too hot (avg temp = 20.411307)
11, 2022-12-20 15:26:52, Data insertion from sensor 37 succeeded.
12, 2022-12-20 15:26:52, Sensor node 37 reports it’s too hot (avg temp = 20.411307)
13, 2022-12-20 15:26:52, Data insertion from sensor 15 succeeded.
14, 2022-12-20 15:26:52, Sensor node 15 reports it’s too hot (avg temp = 20.392531)
15, 2022-12-20 15:26:53, Data insertion from sensor 21 succeeded.
16, 2022-12-20 15:26:53, Sensor node 21 reports it’s too hot (avg temp = 20.392531)
17, 2022-12-20 15:26:53, Sensor node 37 reports it’s too hot (avg temp = 20.392531)
18, 2022-12-20 15:26:53, Data insertion from sensor 37 succeeded.
19, 2022-12-20 15:26:53, Sensor node 15 reports it’s too hot (avg temp = 20.777111)
20, 2022-12-20 15:26:53, Data insertion from sensor 15 succeeded.
21, 2022-12-20 15:26:54, Sensor node 21 reports it’s too hot (avg temp = 20.777111)
22, 2022-12-20 15:26:54, Data insertion from sensor 21 succeeded.
23, 2022-12-20 15:26:54, Sensor node 37 reports it’s too hot (avg temp = 20.777111)
24, 2022-12-20 15:26:54, Data insertion from sensor 37 succeeded.
25, 2022-12-20 15:26:54, Sensor node 15 reports it’s too hot (avg temp = 20.845515)
26, 2022-12-20 15:26:54, Data insertion from sensor 15 succeeded.
27, 2022-12-20 15:26:55, Sensor node 21 reports it’s too hot (avg temp = 20.845515)
28, 2022-12-20 15:26:55, Sensor node 37 reports it’s too hot (avg temp = 20.845515)
29, 2022-12-20 15:26:55, Data insertion from sensor 21 succeeded.
30, 2022-12-20 15:26:55, Data insertion from sensor 37 succeeded.
31, 2022-12-20 15:26:55, Sensor node 15 reports it’s too hot (avg temp = 21.071248)
32, 2022-12-20 15:26:55, Data insertion from sensor 15 succeeded.
33, 2022-12-20 15:26:56, Sensor node 37 reports it’s too hot (avg temp = 21.071248)
34, 2022-12-20 15:26:56, Data insertion from sensor 37 succeeded.
35, 2022-12-20 15:26:56, Sensor node 21 reports it’s too hot (avg temp = 21.071248)
36, 2022-12-20 15:26:56, Data insertion from sensor 21 succeeded.
37, 2022-12-20 15:26:56, Sensor node 15 reports it’s too hot (avg temp = 21.544102)
38, 2022-12-20 15:26:56, Data insertion from sensor 15 succeeded.
39, 2022-12-20 15:26:57, Sensor node 21 reports it’s too hot (avg temp = 21.544102)
40, 2022-12-20 15:26:57, Data insertion from sensor 21 succeeded.
41, 2022-12-20 15:26:57, Data insertion from sensor 37 succeeded.
42, 2022-12-20 15:26:57, Sensor node 37 reports it’s too hot (avg temp = 21.544102)
43, 2022-12-20 15:26:57, Sensor node 15 reports it’s too hot (avg temp = 21.689830)
44, 2022-12-20 15:26:57, Data insertion from sensor 15 succeeded.
45, 2022-12-20 15:26:58, Sensor node 21 reports it’s too hot (avg temp = 21.689830)
46, 2022-12-20 15:26:58, Data insertion from sensor 21 succeeded.
47, 2022-12-20 15:26:58, Data insertion from sensor 37 succeeded.
48, 2022-12-20 15:26:58, Sensor node 37 reports it’s too hot (avg temp = 21.689830)
49, 2022-12-20 15:26:58, Sensor node 15 reports it’s too hot (avg temp = 21.227149)
50, 2022-12-20 15:26:58, Data insertion from sensor 15 succeeded.
51, 2022-12-20 15:26:59, Sensor node 37 reports it’s too hot (avg temp = 21.227149)
52, 2022-12-20 15:26:59, Data insertion from sensor 37 succeeded.
53, 2022-12-20 15:26:59, Sensor node 21 reports it’s too hot (avg temp = 21.227149)
54, 2022-12-20 15:26:59, Data insertion from sensor 21 succeeded.
55, 2022-12-20 15:26:59, Sensor node 15 reports it’s too hot (avg temp = 20.880019)
56, 2022-12-20 15:26:59, Data insertion from sensor 15 succeeded.
57, 2022-12-20 15:27:00, Data insertion from sensor 37 succeeded.
58, 2022-12-20 15:27:00, Sensor node 37 reports it’s too hot (avg temp = 20.880019)
59, 2022-12-20 15:27:00, Sensor node 21 reports it’s too hot (avg temp = 20.880019)
60, 2022-12-20 15:27:00, Data insertion from sensor 21 succeeded.
61, 2022-12-20 15:27:00, Sensor node 15 reports it’s too hot (avg temp = 20.755332)
62, 2022-12-20 15:27:00, Data insertion from sensor 15 succeeded.
63, 2022-12-20 15:27:01, Sensor node 37 reports it’s too hot (avg temp = 20.755332)
64, 2022-12-20 15:27:01, Data insertion from sensor 37 succeeded.
65, 2022-12-20 15:27:01, Sensor node 21 reports it’s too hot (avg temp = 20.755332)
66, 2022-12-20 15:27:01, Data insertion from sensor 21 succeeded.
67, 2022-12-20 15:27:01, Sensor node 15 reports it’s too hot (avg temp = 21.138451)
68, 2022-12-20 15:27:01, Data insertion from sensor 15 succeeded.
69, 2022-12-20 15:27:02, Sensor node 37 reports it’s too hot (avg temp = 21.138451)
70, 2022-12-20 15:27:02, Data insertion from sensor 37 succeeded.
71, 2022-12-20 15:27:02, Sensor node 21 reports it’s too hot (avg temp = 21.138451)
72, 2022-12-20 15:27:02, Data insertion from sensor 21 succeeded.
73, 2022-12-20 15:27:02, Sensor node 15 reports it’s too hot (avg temp = 21.259298)
74, 2022-12-20 15:27:02, Data insertion from sensor 15 succeeded.
75, 2022-12-20 15:27:03, Sensor node 37 reports it’s too hot (avg temp = 21.259298)
76, 2022-12-20 15:27:03, Data insertion from sensor 37 succeeded.
77, 2022-12-20 15:27:03, Sensor node 21 reports it’s too hot (avg temp = 21.259298)
78, 2022-12-20 15:27:03, Data insertion from sensor 21 succeeded.
79, 2022-12-20 15:27:03, Sensor node 15 reports it’s too hot (avg temp = 21.568853)
80, 2022-12-20 15:27:03, Data insertion from sensor 15 succeeded.
81, 2022-12-20 15:27:04, Sensor node 21 reports it’s too hot (avg temp = 21.568853)
82, 2022-12-20 15:27:04, Data insertion from sensor 21 succeeded.
83, 2022-12-20 15:27:04, Sensor node 15 reports it’s too hot (avg temp = 22.020275)
84, 2022-12-20 15:27:04, Data insertion from sensor 15 succeeded.
85, 2022-12-20 15:27:04, Sensor node 37 reports it’s too hot (avg temp = 21.568853)
86, 2022-12-20 15:27:04, Data insertion from sensor 37 succeeded.
87, 2022-12-20 15:27:05, Sensor node 15 reports it’s too hot (avg temp = 22.432716)
88, 2022-12-20 15:27:05, Data insertion from sensor 15 succeeded.
89, 2022-12-20 15:27:05, Sensor node 37 reports it’s too hot (avg temp = 22.020275)
90, 2022-12-20 15:27:05, Data insertion from sensor 37 succeeded.
91, 2022-12-20 15:27:05, Sensor node 21 reports it’s too hot (avg temp = 22.020275)
92, 2022-12-20 15:27:05, Data insertion from sensor 21 succeeded.
93, 2022-12-20 15:27:06, Sensor node 15 reports it’s too hot (avg temp = 22.190396)
94, 2022-12-20 15:27:06, Data insertion from sensor 15 succeeded.
95, 2022-12-20 15:27:06, Sensor node 37 reports it’s too hot (avg temp = 22.432716)
96, 2022-12-20 15:27:06, Sensor node 21 reports it’s too hot (avg temp = 22.432716)
97, 2022-12-20 15:27:06, Data insertion from sensor 37 succeeded.
98, 2022-12-20 15:27:06, Data insertion from sensor 21 succeeded.
99, 2022-12-20 15:27:07, Sensor node 15 reports it’s too hot (avg temp = 22.462696)
100, 2022-12-20 15:27:07, Data insertion from sensor 15 succeeded.
101, 2022-12-20 15:27:07, Sensor node 37 reports it’s too hot (avg temp = 22.190396)
102, 2022-12-20 15:27:07, Data insertion from sensor 37 succeeded.
103, 2022-12-20 15:27:08, Sensor node 21 reports it’s too hot (avg temp = 22.190396)
104, 2022-12-20 15:27:08, Data insertion from sensor 21 succeeded.
105, 2022-12-20 15:27:08, Sensor node 15 reports it’s too hot (avg temp = 22.940777)
106, 2022-12-20 15:27:08, Data insertion from sensor 15 succeeded.
107, 2022-12-20 15:27:08, Sensor node 37 reports it’s too hot (avg temp = 22.462696)
108, 2022-12-20 15:27:08, Data insertion from sensor 37 succeeded.
109, 2022-12-20 15:27:09, Sensor node 21 reports it’s too hot (avg temp = 22.462696)
110, 2022-12-20 15:27:09, Data insertion from sensor 21 succeeded.
111, 2022-12-20 15:27:09, Sensor node 15 reports it’s too hot (avg temp = 23.384937)
112, 2022-12-20 15:27:09, Data insertion from sensor 15 succeeded.
113, 2022-12-20 15:27:09, Sensor node 37 reports it’s too hot (avg temp = 22.940777)
114, 2022-12-20 15:27:09, Data insertion from sensor 37 succeeded.
115, 2022-12-20 15:27:10, Sensor node 21 reports it’s too hot (avg temp = 22.940777)
116, 2022-12-20 15:27:10, Data insertion from sensor 21 succeeded.
117, 2022-12-20 15:27:10, Sensor node 15 reports it’s too hot (avg temp = 23.331883)
118, 2022-12-20 15:27:10, Sensor node 37 reports it’s too hot (avg temp = 23.384937)
119, 2022-12-20 15:27:10, Data insertion from sensor 15 succeeded.
120, 2022-12-20 15:27:10, Data insertion from sensor 37 succeeded.
121, 2022-12-20 15:27:11, Sensor node 21 reports it’s too hot (avg temp = 23.384937)
122, 2022-12-20 15:27:11, Data insertion from sensor 21 succeeded.
123, 2022-12-20 15:27:11, Sensor node 37 reports it’s too hot (avg temp = 23.331883)
124, 2022-12-20 15:27:11, Data insertion from sensor 37 succeeded.
125, 2022-12-20 15:27:11, Sensor node 15 reports it’s too hot (avg temp = 23.042988)
126, 2022-12-20 15:27:11, Data insertion from sensor 15 succeeded.
127, 2022-12-20 15:27:12, Sensor node 21 reports it’s too hot (avg temp = 23.331883)
128, 2022-12-20 15:27:12, Data insertion from sensor 21 succeeded.
129, 2022-12-20 15:27:12, Sensor node 15 reports it’s too hot (avg temp = 23.519323)
130, 2022-12-20 15:27:12, Data insertion from sensor 15 succeeded.
131, 2022-12-20 15:27:12, Sensor node 37 reports it’s too hot (avg temp = 23.042988)
132, 2022-12-20 15:27:12, Data insertion from sensor 37 succeeded.
133, 2022-12-20 15:27:13, Sensor node 21 reports it’s too hot (avg temp = 23.042988)
134, 2022-12-20 15:27:13, Data insertion from sensor 21 succeeded.
135, 2022-12-20 15:27:13, Sensor node 37 reports it’s too hot (avg temp = 23.519323)
136, 2022-12-20 15:27:13, Data insertion from sensor 37 succeeded.
137, 2022-12-20 15:27:13, Sensor node 15 reports it’s too hot (avg temp = 23.930891)
138, 2022-12-20 15:27:13, Data insertion from sensor 15 succeeded.
139, 2022-12-20 15:27:14, Sensor node 21 reports it’s too hot (avg temp = 23.519323)
140, 2022-12-20 15:27:14, Data insertion from sensor 21 succeeded.
141, 2022-12-20 15:27:14, Sensor node 15 reports it’s too hot (avg temp = 23.947363)
142, 2022-12-20 15:27:14, Data insertion from sensor 15 succeeded.
143, 2022-12-20 15:27:14, Sensor node 37 reports it’s too hot (avg temp = 23.930891)
144, 2022-12-20 15:27:14, Data insertion from sensor 37 succeeded.
145, 2022-12-20 15:27:15, Sensor node 21 reports it’s too hot (avg temp = 23.930891)
146, 2022-12-20 15:27:15, Data insertion from sensor 21 succeeded.
147, 2022-12-20 15:27:15, Sensor node 15 reports it’s too hot (avg temp = 23.828571)
148, 2022-12-20 15:27:16, Data insertion from sensor 15 succeeded.
149, 2022-12-20 15:27:16, Sensor node 37 reports it’s too hot (avg temp = 23.947363)
150, 2022-12-20 15:27:16, Data insertion from sensor 37 succeeded.
151, 2022-12-20 15:27:16, Sensor node 21 reports it’s too hot (avg temp = 23.947363)
152, 2022-12-20 15:27:16, Data insertion from sensor 21 succeeded.
153, 2022-12-20 15:27:16, Sensor node 15 reports it’s too hot (avg temp = 23.725041)
154, 2022-12-20 15:27:16, Data insertion from sensor 15 succeeded.
155, 2022-12-20 15:27:16, Sensor node 37 reports it’s too hot (avg temp = 23.828571)
156, 2022-12-20 15:27:16, Data insertion from sensor 37 succeeded.
157, 2022-12-20 15:27:17, Sensor node 21 reports it’s too hot (avg temp = 23.828571)
158, 2022-12-20 15:27:17, Data insertion from sensor 21 succeeded.
159, 2022-12-20 15:27:18, Sensor node 15 reports it’s too hot (avg temp = 23.378651)
160, 2022-12-20 15:27:18, Data insertion from sensor 15 succeeded.
161, 2022-12-20 15:27:18, Sensor node 37 reports it’s too hot (avg temp = 23.725041)
162, 2022-12-20 15:27:18, Data insertion from sensor 37 succeeded.
163, 2022-12-20 15:27:18, Sensor node 21 reports it’s too hot (avg temp = 23.725041)
164, 2022-12-20 15:27:18, Data insertion from sensor 21 succeeded.
165, 2022-12-20 15:27:18, Sensor node 15 has closed connection.
166, 2022-12-20 15:27:18, Sensor node 37 has closed connection.
167, 2022-12-20 15:27:18, Sensor node 21 has closed connection.
168, 2022-12-20 15:27:18, Max connections reached. Server is closing.
169, 2022-12-20 15:27:18, Server closed TCP port.
170, 2022-12-20 15:27:18, Connection manager thread will exit.
171, 2022-12-20 15:27:18, The csv file has been closed.
end of test
