1, 2022-12-02 19:33:09, An error occurred when writing to the csv file.
2, 2022-12-02 19:33:09, A new csv file is created or an existing file has been opened.
3, 2022-12-02 19:33:09, Data insertion succeeded.
4, 2022-12-02 19:33:09, Data insertion succeeded.
5, 2022-12-02 19:33:09, Data insertion succeeded.
6, 2022-12-02 19:33:09, The csv file has been closed.
7, 2022-12-02 19:33:09, An error occurred when closing the csv file.
8, 2022-12-02 19:33:09, An error occurred when writing to the csv file.
9, 2022-12-02 19:33:10, A new csv file is created or an existing file has been opened.
10, 2022-12-02 19:33:10, Data insertion succeeded.
11, 2022-12-02 19:33:11, Data insertion succeeded.
12, 2022-12-02 19:33:12, Data insertion succeeded.
13, 2022-12-02 19:33:12, The csv file has been closed.
14, 2022-12-02 19:33:42, An error occurred when writing to the csv file.
15, 2022-12-02 19:33:42, A new csv file is created or an existing file has been opened.
16, 2022-12-02 19:33:42, Data insertion succeeded.
17, 2022-12-02 19:33:42, Data insertion succeeded.
18, 2022-12-02 19:33:42, Data insertion succeeded.
19, 2022-12-02 19:33:42, The csv file has been closed.
20, 2022-12-02 19:33:42, An error occurred when closing the csv file.
21, 2022-12-02 19:33:43, An error occurred when writing to the csv file.
22, 2022-12-02 19:33:43, A new csv file is created or an existing file has been opened.
23, 2022-12-02 19:33:43, Data insertion succeeded.
24, 2022-12-02 19:33:44, Data insertion succeeded.
25, 2022-12-02 19:33:45, Data insertion succeeded.
26, 2022-12-02 19:33:45, The csv file has been closed.
27, 2022-12-02 19:35:40, An error occurred when writing to the csv file.
28, 2022-12-02 19:35:40, A new csv file is created or an existing file has been opened.
29, 2022-12-02 19:35:40, Data insertion succeeded.
30, 2022-12-02 19:35:40, Data insertion succeeded.
31, 2022-12-02 19:35:40, Data insertion succeeded.
32, 2022-12-02 19:35:40, The csv file has been closed.
33, 2022-12-02 19:35:40, An error occurred when closing the csv file.
34, 2022-12-02 19:35:41, An error occurred when writing to the csv file.
35, 2022-12-02 19:35:41, A new csv file is created or an existing file has been opened.
36, 2022-12-02 19:35:41, Data insertion succeeded.
37, 2022-12-02 19:35:42, Data insertion succeeded.
38, 2022-12-02 19:35:43, Data insertion succeeded.
39, 2022-12-02 19:35:43, The csv file has been closed.
